<?xml version="1.0"?>
<!DOCTYPE coverage SYSTEM "http://cobertura.sourceforge.net/xml/coverage-04.dtd">
<coverage 
line-rate="0.48" lines-valid="23" lines-covered="11" branches-valid="2" branches-covered="2" branch-rate="1.00" complexity="0" version="1.0" timestamp="1517940648205">
    <sources>
        <source>--source</source>
        <source>/home/pallavi/WorkSpace/Test-Scala-01/accounts/src/main/scala</source>
    </sources>
    <packages>
        <package name="&lt;empty&gt;" line-rate="0.48" branch-rate="1.00" complexity="0">
            <classes>
                <class name="UserListOperation" filename="UserListOperation.scala" line-rate="0.50" branch-rate="1.00" complexity="0">
                    <methods>
                        <method 
                        name="&lt;empty&gt;/UserListOperation/toString" signature="()V" line-rate="0.00" branch-rate="0.00" complexity="0">
                            <lines>
                                <line number="9" hits="0" branch="false"/>
                                <line number="9" hits="0" branch="false"/>
                                <line number="9" hits="0" branch="false"/>
                                <line number="9" hits="0" branch="false"/>
                            </lines>
</method>
                        <method 
                        name="&lt;empty&gt;/UserListOperation/authenticateUser" signature="()V" line-rate="1.00" branch-rate="1.00" complexity="0">
                            <lines>
                                <line number="19" hits="1" branch="false"/>
                                <line number="16" hits="1" branch="false"/>
                            </lines>
</method>
                        <method 
                        name="&lt;empty&gt;/UserListOperation/addNewUser" signature="()V" line-rate="1.00" branch-rate="1.00" complexity="0">
                            <lines>
                                <line number="12" hits="1" branch="false"/>
                                <line number="12" hits="1" branch="false"/>
                            </lines>
</method>
                    </methods>
                    <lines>
                        <line number="19" hits="1" branch="false"/>
                        <line number="9" hits="0" branch="false"/>
                        <line number="12" hits="1" branch="false"/>
                        <line number="16" hits="1" branch="false"/>
                        <line number="9" hits="0" branch="false"/>
                        <line number="9" hits="0" branch="false"/>
                        <line number="9" hits="0" branch="false"/>
                        <line number="12" hits="1" branch="false"/>
                    </lines>
                </class>
                <class name="User" filename="User.scala" line-rate="0.47" branch-rate="1.00" complexity="0">
                    <methods>
                        <method 
                        name="&lt;empty&gt;/User/authenticateSingleUser" signature="()V" line-rate="1.00" branch-rate="1.00" complexity="0">
                            <lines>
                                <line number="10" hits="1" branch="false"/>
                                <line number="14" hits="1" branch="false"/>
                                <line number="9" hits="1" branch="false"/>
                                <line number="9" hits="1" branch="false"/>
                                <line number="9" hits="1" branch="false"/>
                                <line number="11" hits="1" branch="false"/>
                                <line number="14" hits="1" branch="false"/>
                            </lines>
</method>
                        <method name="&lt;empty&gt;/User/toString" signature="()V" line-rate="0.00" branch-rate="0.00" complexity="0">
                            <lines>
                                <line number="6" hits="0" branch="false"/>
                                <line number="6" hits="0" branch="false"/>
                                <line number="6" hits="0" branch="false"/>
                                <line number="6" hits="0" branch="false"/>
                                <line number="6" hits="0" branch="false"/>
                                <line number="6" hits="0" branch="false"/>
                                <line number="6" hits="0" branch="false"/>
                                <line number="6" hits="0" branch="false"/>
                            </lines>
                        </method>
                    </methods>
                    <lines>
                        <line number="6" hits="0" branch="false"/>
                        <line number="10" hits="1" branch="false"/>
                        <line number="6" hits="0" branch="false"/>
                        <line number="6" hits="0" branch="false"/>
                        <line number="14" hits="1" branch="false"/>
                        <line number="6" hits="0" branch="false"/>
                        <line number="9" hits="1" branch="false"/>
                        <line number="6" hits="0" branch="false"/>
                        <line number="9" hits="1" branch="false"/>
                        <line number="6" hits="0" branch="false"/>
                        <line number="9" hits="1" branch="false"/>
                        <line number="11" hits="1" branch="false"/>
                        <line number="6" hits="0" branch="false"/>
                        <line number="6" hits="0" branch="false"/>
                        <line number="14" hits="1" branch="false"/>
                    </lines>
                </class>
            </classes>
        </package>
    </packages>
</coverage>
