<?xml version="1.0"?>
<!DOCTYPE coverage SYSTEM "http://cobertura.sourceforge.net/xml/coverage-04.dtd">
<coverage 
line-rate="0.00" lines-valid="26" lines-covered="0" branches-valid="0" branches-covered="0" branch-rate="0.00" complexity="0" version="1.0" timestamp="1518094475329">
    <sources>
        <source>--source</source>
        <source>/home/pallavi/WorkSpace/Test-Scala-01/api/src/main/scala</source>
    </sources>
    <packages>
        <package name="com.knolkart" line-rate="0.00" branch-rate="0.00" complexity="0">
            <classes>
                <class name="com.knolkart.Api" filename="com/knolkart/Api.scala" line-rate="0.00" branch-rate="0.00" complexity="0">
                    <methods>
                        <method name="com.knolkart/Api/&lt;none&gt;" signature="()V" line-rate="0.00" branch-rate="0.00" complexity="0">
                            <lines>
                                <line number="20" hits="0" branch="false"/>
                                <line number="18" hits="0" branch="false"/>
                                <line number="15" hits="0" branch="false"/>
                                <line number="17" hits="0" branch="false"/>
                                <line number="16" hits="0" branch="false"/>
                                <line number="19" hits="0" branch="false"/>
                                <line number="11" hits="0" branch="false"/>
                                <line number="14" hits="0" branch="false"/>
                                <line number="17" hits="0" branch="false"/>
                                <line number="13" hits="0" branch="false"/>
                                <line number="17" hits="0" branch="false"/>
                                <line number="20" hits="0" branch="false"/>
                                <line number="15" hits="0" branch="false"/>
                                <line number="18" hits="0" branch="false"/>
                                <line number="17" hits="0" branch="false"/>
                                <line number="15" hits="0" branch="false"/>
                                <line number="10" hits="0" branch="false"/>
                                <line number="19" hits="0" branch="false"/>
                                <line number="15" hits="0" branch="false"/>
                                <line number="18" hits="0" branch="false"/>
                                <line number="16" hits="0" branch="false"/>
                                <line number="12" hits="0" branch="false"/>
                                <line number="19" hits="0" branch="false"/>
                                <line number="17" hits="0" branch="false"/>
                                <line number="20" hits="0" branch="false"/>
                                <line number="15" hits="0" branch="false"/>
                            </lines>
                        </method>
                    </methods>
                    <lines>
                        <line number="20" hits="0" branch="false"/>
                        <line number="18" hits="0" branch="false"/>
                        <line number="15" hits="0" branch="false"/>
                        <line number="17" hits="0" branch="false"/>
                        <line number="16" hits="0" branch="false"/>
                        <line number="19" hits="0" branch="false"/>
                        <line number="11" hits="0" branch="false"/>
                        <line number="14" hits="0" branch="false"/>
                        <line number="17" hits="0" branch="false"/>
                        <line number="13" hits="0" branch="false"/>
                        <line number="17" hits="0" branch="false"/>
                        <line number="20" hits="0" branch="false"/>
                        <line number="15" hits="0" branch="false"/>
                        <line number="18" hits="0" branch="false"/>
                        <line number="17" hits="0" branch="false"/>
                        <line number="15" hits="0" branch="false"/>
                        <line number="10" hits="0" branch="false"/>
                        <line number="19" hits="0" branch="false"/>
                        <line number="15" hits="0" branch="false"/>
                        <line number="18" hits="0" branch="false"/>
                        <line number="16" hits="0" branch="false"/>
                        <line number="12" hits="0" branch="false"/>
                        <line number="19" hits="0" branch="false"/>
                        <line number="17" hits="0" branch="false"/>
                        <line number="20" hits="0" branch="false"/>
                        <line number="15" hits="0" branch="false"/>
                    </lines>
                </class>
            </classes>
        </package>
    </packages>
</coverage>
