<?xml version="1.0"?>
<!DOCTYPE coverage SYSTEM "http://cobertura.sourceforge.net/xml/coverage-04.dtd">
<coverage 
line-rate="0.52" lines-valid="33" lines-covered="17" branches-valid="0" branches-covered="0" branch-rate="1.00" complexity="0" version="1.0" timestamp="1517940647678">
    <sources>
        <source>--source</source>
        <source>/home/pallavi/WorkSpace/Test-Scala-01/inventory/src/main/scala</source>
    </sources>
    <packages>
        <package name="&lt;empty&gt;" line-rate="0.52" branch-rate="1.00" complexity="0">
            <classes>
                <class name="Item" filename="Item.scala" line-rate="0.00" branch-rate="0.00" complexity="0">
                    <methods>
                        <method name="&lt;empty&gt;/Item/toString" signature="()V" line-rate="0.00" branch-rate="0.00" complexity="0">
                            <lines>
                                <line number="10" hits="0" branch="false"/>
                                <line number="10" hits="0" branch="false"/>
                                <line number="10" hits="0" branch="false"/>
                                <line number="10" hits="0" branch="false"/>
                                <line number="10" hits="0" branch="false"/>
                                <line number="10" hits="0" branch="false"/>
                                <line number="10" hits="0" branch="false"/>
                                <line number="10" hits="0" branch="false"/>
                                <line number="10" hits="0" branch="false"/>
                                <line number="10" hits="0" branch="false"/>
                                <line number="10" hits="0" branch="false"/>
                                <line number="10" hits="0" branch="false"/>
                            </lines>
                        </method>
                    </methods>
                    <lines>
                        <line number="10" hits="0" branch="false"/>
                        <line number="10" hits="0" branch="false"/>
                        <line number="10" hits="0" branch="false"/>
                        <line number="10" hits="0" branch="false"/>
                        <line number="10" hits="0" branch="false"/>
                        <line number="10" hits="0" branch="false"/>
                        <line number="10" hits="0" branch="false"/>
                        <line number="10" hits="0" branch="false"/>
                        <line number="10" hits="0" branch="false"/>
                        <line number="10" hits="0" branch="false"/>
                        <line number="10" hits="0" branch="false"/>
                        <line number="10" hits="0" branch="false"/>
                    </lines>
                </class>
                <class name="ItemListOperation" filename="ItemListOperation.scala" line-rate="0.81" branch-rate="1.00" complexity="0">
                    <methods>
                        <method 
                        name="&lt;empty&gt;/ItemListOperation/internalItemByCategory" signature="()V" line-rate="1.00" branch-rate="1.00" complexity="0">
                            <lines>
                                <line number="25" hits="1" branch="false"/>
                                <line number="17" hits="1" branch="false"/>
                                <line number="20" hits="1" branch="false"/>
                                <line number="18" hits="1" branch="false"/>
                                <line number="16" hits="1" branch="false"/>
                                <line number="19" hits="1" branch="false"/>
                            </lines>
</method>
                        <method 
                        name="&lt;empty&gt;/ItemListOperation/searchItemByCategory" signature="()V" line-rate="1.00" branch-rate="1.00" complexity="0">
                            <lines>
                                <line number="10" hits="1" branch="false"/>
                            </lines>
</method>
                        <method 
                        name="&lt;empty&gt;/ItemListOperation/toString" signature="()V" line-rate="0.00" branch-rate="0.00" complexity="0">
                            <lines>
                                <line number="8" hits="0" branch="false"/>
                                <line number="8" hits="0" branch="false"/>
                                <line number="8" hits="0" branch="false"/>
                                <line number="8" hits="0" branch="false"/>
                            </lines>
</method>
                        <method 
                        name="&lt;empty&gt;/ItemListOperation/sortByPriceDescending" signature="()V" line-rate="1.00" branch-rate="1.00" complexity="0">
                            <lines>
                                <line number="35" hits="1" branch="false"/>
                                <line number="35" hits="1" branch="false"/>
                                <line number="35" hits="1" branch="false"/>
                                <line number="35" hits="1" branch="false"/>
                                <line number="36" hits="1" branch="false"/>
                            </lines>
</method>
                        <method 
                        name="&lt;empty&gt;/ItemListOperation/sortByPriceAscending" signature="()V" line-rate="1.00" branch-rate="1.00" complexity="0">
                            <lines>
                                <line number="29" hits="1" branch="false"/>
                                <line number="29" hits="1" branch="false"/>
                                <line number="30" hits="1" branch="false"/>
                                <line number="29" hits="1" branch="false"/>
                                <line number="29" hits="1" branch="false"/>
                            </lines>
</method>
                    </methods>
                    <lines>
                        <line number="25" hits="1" branch="false"/>
                        <line number="35" hits="1" branch="false"/>
                        <line number="10" hits="1" branch="false"/>
                        <line number="29" hits="1" branch="false"/>
                        <line number="35" hits="1" branch="false"/>
                        <line number="17" hits="1" branch="false"/>
                        <line number="8" hits="0" branch="false"/>
                        <line number="8" hits="0" branch="false"/>
                        <line number="35" hits="1" branch="false"/>
                        <line number="20" hits="1" branch="false"/>
                        <line number="8" hits="0" branch="false"/>
                        <line number="29" hits="1" branch="false"/>
                        <line number="30" hits="1" branch="false"/>
                        <line number="18" hits="1" branch="false"/>
                        <line number="29" hits="1" branch="false"/>
                        <line number="16" hits="1" branch="false"/>
                        <line number="19" hits="1" branch="false"/>
                        <line number="35" hits="1" branch="false"/>
                        <line number="8" hits="0" branch="false"/>
                        <line number="29" hits="1" branch="false"/>
                        <line number="36" hits="1" branch="false"/>
                    </lines>
                </class>
            </classes>
        </package>
    </packages>
</coverage>
