<?xml version="1.0"?>
<!DOCTYPE coverage SYSTEM "http://cobertura.sourceforge.net/xml/coverage-04.dtd">
<coverage 
line-rate="0.00" lines-valid="21" lines-covered="0" branches-valid="2" branches-covered="0" branch-rate="0.00" complexity="0" version="1.0" timestamp="1518094475632">
    <sources>
        <source>--source</source>
        <source>/home/pallavi/WorkSpace/Test-Scala-01/dashboard/src/main/scala</source>
    </sources>
    <packages>
        <package name="&lt;empty&gt;" line-rate="0.00" branch-rate="0.00" complexity="0">
            <classes>
                <class name="Application" filename="Application.scala" line-rate="0.00" branch-rate="0.00" complexity="0">
                    <methods>
                        <method name="&lt;empty&gt;/Application/main" signature="()V" line-rate="0.00" branch-rate="0.00" complexity="0">
                            <lines>
                                <line number="31" hits="0" branch="false"/>
                                <line number="21" hits="0" branch="false"/>
                                <line number="23" hits="0" branch="false"/>
                                <line number="24" hits="0" branch="false"/>
                                <line number="14" hits="0" branch="false"/>
                                <line number="18" hits="0" branch="false"/>
                                <line number="27" hits="0" branch="false"/>
                                <line number="17" hits="0" branch="false"/>
                                <line number="25" hits="0" branch="false"/>
                                <line number="28" hits="0" branch="false"/>
                                <line number="20" hits="0" branch="false"/>
                                <line number="14" hits="0" branch="false"/>
                                <line number="23" hits="0" branch="false"/>
                                <line number="26" hits="0" branch="false"/>
                                <line number="22" hits="0" branch="false"/>
                                <line number="31" hits="0" branch="false"/>
                                <line number="25" hits="0" branch="false"/>
                                <line number="15" hits="0" branch="false"/>
                                <line number="36" hits="0" branch="false"/>
                                <line number="19" hits="0" branch="false"/>
                                <line number="28" hits="0" branch="false"/>
                            </lines>
                        </method>
                    </methods>
                    <lines>
                        <line number="31" hits="0" branch="false"/>
                        <line number="21" hits="0" branch="false"/>
                        <line number="23" hits="0" branch="false"/>
                        <line number="24" hits="0" branch="false"/>
                        <line number="14" hits="0" branch="false"/>
                        <line number="18" hits="0" branch="false"/>
                        <line number="27" hits="0" branch="false"/>
                        <line number="17" hits="0" branch="false"/>
                        <line number="25" hits="0" branch="false"/>
                        <line number="28" hits="0" branch="false"/>
                        <line number="20" hits="0" branch="false"/>
                        <line number="14" hits="0" branch="false"/>
                        <line number="23" hits="0" branch="false"/>
                        <line number="26" hits="0" branch="false"/>
                        <line number="22" hits="0" branch="false"/>
                        <line number="31" hits="0" branch="false"/>
                        <line number="25" hits="0" branch="false"/>
                        <line number="15" hits="0" branch="false"/>
                        <line number="36" hits="0" branch="false"/>
                        <line number="19" hits="0" branch="false"/>
                        <line number="28" hits="0" branch="false"/>
                    </lines>
                </class>
            </classes>
        </package>
    </packages>
</coverage>
