<?xml version="1.0"?>
<!DOCTYPE coverage SYSTEM "http://cobertura.sourceforge.net/xml/coverage-04.dtd">
<coverage 
line-rate="1.00" lines-valid="13" lines-covered="13" branches-valid="0" branches-covered="0" branch-rate="1.00" complexity="0" version="1.0" timestamp="1518094474433">
    <sources>
        <source>--source</source>
        <source>/home/pallavi/WorkSpace/Test-Scala-01/checkout/src/main/scala</source>
    </sources>
    <packages>
        <package name="com.knolkart.modules" line-rate="1.00" branch-rate="1.00" complexity="0">
            <classes>
                <class 
                name="com.knolkart.modules.Cart" filename="com/knolkart/modules/Cart.scala" line-rate="1.00" branch-rate="1.00" complexity="0">
                    <methods>
                        <method name="com.knolkart.modules/Cart/toString" signature="()V" line-rate="1.00" branch-rate="1.00" complexity="0">
                            <lines>
                                <line number="30" hits="1" branch="false"/>
                                <line number="30" hits="1" branch="false"/>
                                <line number="30" hits="1" branch="false"/>
                                <line number="30" hits="1" branch="false"/>
                            </lines>
                        </method>
                        <method 
                        name="com.knolkart.modules/Cart/internalSum" signature="()V" line-rate="1.00" branch-rate="1.00" complexity="0">
                            <lines>
                                <line number="26" hits="1" branch="false"/>
                                <line number="21" hits="1" branch="false"/>
                                <line number="21" hits="1" branch="false"/>
                                <line number="26" hits="1" branch="false"/>
                                <line number="26" hits="1" branch="false"/>
                                <line number="21" hits="1" branch="false"/>
                            </lines>
</method>
                        <method name="com.knolkart.modules/Cart/addItem" signature="()V" line-rate="1.00" branch-rate="1.00" complexity="0">
                            <lines>
                                <line number="10" hits="1" branch="false"/>
                            </lines>
                        </method>
                        <method name="com.knolkart.modules/Cart/removeItem" signature="()V" line-rate="1.00" branch-rate="1.00" complexity="0">
                            <lines>
                                <line number="14" hits="1" branch="false"/>
                                <line number="14" hits="1" branch="false"/>
                            </lines>
                        </method>
                    </methods>
                    <lines>
                        <line number="26" hits="1" branch="false"/>
                        <line number="30" hits="1" branch="false"/>
                        <line number="14" hits="1" branch="false"/>
                        <line number="21" hits="1" branch="false"/>
                        <line number="21" hits="1" branch="false"/>
                        <line number="30" hits="1" branch="false"/>
                        <line number="26" hits="1" branch="false"/>
                        <line number="10" hits="1" branch="false"/>
                        <line number="30" hits="1" branch="false"/>
                        <line number="26" hits="1" branch="false"/>
                        <line number="14" hits="1" branch="false"/>
                        <line number="30" hits="1" branch="false"/>
                        <line number="21" hits="1" branch="false"/>
                    </lines>
</class>
            </classes>
        </package>
    </packages>
</coverage>
